----------------------------------------------------------------
Wed Jun 17 12:35:55 IST 2020:
Booting Derby version The Apache Software Foundation - Apache Derby - 10.14.2.0 - (1828579): instance a816c00e-0172-c119-38e3-00000ec732b8 
on database directory memory:C:\Users\MadhusudhanPickli\Desktop\SpringBootDemo\Employee_CRUD_JPA\71224cfa-50bb-4ed8-a258-bf26413911a1 with class loader sun.misc.Launcher$AppClassLoader@764c12b6 
Loaded from file:/C:/Users/MadhusudhanPickli/.m2/repository/org/apache/derby/derby/10.14.2.0/derby-10.14.2.0.jar
java.vendor=Oracle Corporation
java.runtime.version=1.8.0_241-b07
user.dir=C:\Users\MadhusudhanPickli\Desktop\SpringBootDemo\Employee_CRUD_JPA
os.name=Windows 10
os.arch=amd64
os.version=10.0
derby.system.home=null
Database Class Loader started - derby.database.classpath=''
----------------------------------------------------------------
Wed Jun 17 12:50:05 IST 2020:
Shutting down instance a816c00e-0172-c119-38e3-00000ec732b8 on database directory memory:C:\Users\MadhusudhanPickli\Desktop\SpringBootDemo\Employee_CRUD_JPA\71224cfa-50bb-4ed8-a258-bf26413911a1 with class loader sun.misc.Launcher$AppClassLoader@764c12b6 
----------------------------------------------------------------
Wed Jun 17 12:50:06 IST 2020:
Booting Derby version The Apache Software Foundation - Apache Derby - 10.14.2.0 - (1828579): instance 3405c0cb-0172-c119-38e3-00000ec732b8 
on database directory memory:C:\Users\MadhusudhanPickli\Desktop\SpringBootDemo\Employee_CRUD_JPA\c812cda7-0aef-4813-8140-49cf8be72fec with class loader sun.misc.Launcher$AppClassLoader@764c12b6 
Loaded from file:/C:/Users/MadhusudhanPickli/.m2/repository/org/apache/derby/derby/10.14.2.0/derby-10.14.2.0.jar
java.vendor=Oracle Corporation
java.runtime.version=1.8.0_241-b07
user.dir=C:\Users\MadhusudhanPickli\Desktop\SpringBootDemo\Employee_CRUD_JPA
os.name=Windows 10
os.arch=amd64
os.version=10.0
derby.system.home=null
Database Class Loader started - derby.database.classpath=''
----------------------------------------------------------------
Wed Jun 17 12:50:10 IST 2020:
Shutting down instance 3405c0cb-0172-c119-38e3-00000ec732b8 on database directory memory:C:\Users\MadhusudhanPickli\Desktop\SpringBootDemo\Employee_CRUD_JPA\c812cda7-0aef-4813-8140-49cf8be72fec with class loader sun.misc.Launcher$AppClassLoader@764c12b6 
----------------------------------------------------------------
Wed Jun 17 12:50:11 IST 2020:
Booting Derby version The Apache Software Foundation - Apache Derby - 10.14.2.0 - (1828579): instance 45370179-0172-c119-38e3-00000ec732b8 
on database directory memory:C:\Users\MadhusudhanPickli\Desktop\SpringBootDemo\Employee_CRUD_JPA\6c0887c3-0686-459a-b452-079d1e82a779 with class loader sun.misc.Launcher$AppClassLoader@764c12b6 
Loaded from file:/C:/Users/MadhusudhanPickli/.m2/repository/org/apache/derby/derby/10.14.2.0/derby-10.14.2.0.jar
java.vendor=Oracle Corporation
java.runtime.version=1.8.0_241-b07
user.dir=C:\Users\MadhusudhanPickli\Desktop\SpringBootDemo\Employee_CRUD_JPA
os.name=Windows 10
os.arch=amd64
os.version=10.0
derby.system.home=null
Database Class Loader started - derby.database.classpath=''
----------------------------------------------------------------
Wed Jun 17 12:50:13 IST 2020:
Shutting down instance 45370179-0172-c119-38e3-00000ec732b8 on database directory memory:C:\Users\MadhusudhanPickli\Desktop\SpringBootDemo\Employee_CRUD_JPA\6c0887c3-0686-459a-b452-079d1e82a779 with class loader sun.misc.Launcher$AppClassLoader@764c12b6 
----------------------------------------------------------------
Wed Jun 17 12:50:14 IST 2020:
Booting Derby version The Apache Software Foundation - Apache Derby - 10.14.2.0 - (1828579): instance 73f94227-0172-c119-38e3-00000ec732b8 
on database directory memory:C:\Users\MadhusudhanPickli\Desktop\SpringBootDemo\Employee_CRUD_JPA\ff835821-839a-4622-9cc7-7722020dacfd with class loader sun.misc.Launcher$AppClassLoader@764c12b6 
Loaded from file:/C:/Users/MadhusudhanPickli/.m2/repository/org/apache/derby/derby/10.14.2.0/derby-10.14.2.0.jar
java.vendor=Oracle Corporation
java.runtime.version=1.8.0_241-b07
user.dir=C:\Users\MadhusudhanPickli\Desktop\SpringBootDemo\Employee_CRUD_JPA
os.name=Windows 10
os.arch=amd64
os.version=10.0
derby.system.home=null
Database Class Loader started - derby.database.classpath=''
----------------------------------------------------------------
Wed Jun 17 12:58:45 IST 2020:
Shutting down instance 73f94227-0172-c119-38e3-00000ec732b8 on database directory memory:C:\Users\MadhusudhanPickli\Desktop\SpringBootDemo\Employee_CRUD_JPA\ff835821-839a-4622-9cc7-7722020dacfd with class loader sun.misc.Launcher$AppClassLoader@764c12b6 
----------------------------------------------------------------
Wed Jun 17 12:58:47 IST 2020:
Booting Derby version The Apache Software Foundation - Apache Derby - 10.14.2.0 - (1828579): instance c5fd82dd-0172-c119-38e3-00000ec732b8 
on database directory memory:C:\Users\MadhusudhanPickli\Desktop\SpringBootDemo\Employee_CRUD_JPA\8c9a494c-5d20-4b7b-ac17-f60a362ee11f with class loader sun.misc.Launcher$AppClassLoader@764c12b6 
Loaded from file:/C:/Users/MadhusudhanPickli/.m2/repository/org/apache/derby/derby/10.14.2.0/derby-10.14.2.0.jar
java.vendor=Oracle Corporation
java.runtime.version=1.8.0_241-b07
user.dir=C:\Users\MadhusudhanPickli\Desktop\SpringBootDemo\Employee_CRUD_JPA
os.name=Windows 10
os.arch=amd64
os.version=10.0
derby.system.home=null
Database Class Loader started - derby.database.classpath=''
----------------------------------------------------------------
Wed Jun 17 13:12:15 IST 2020:
Shutting down instance c5fd82dd-0172-c119-38e3-00000ec732b8 on database directory memory:C:\Users\MadhusudhanPickli\Desktop\SpringBootDemo\Employee_CRUD_JPA\8c9a494c-5d20-4b7b-ac17-f60a362ee11f with class loader sun.misc.Launcher$AppClassLoader@764c12b6 
----------------------------------------------------------------
Wed Jun 17 13:12:16 IST 2020:
Booting Derby version The Apache Software Foundation - Apache Derby - 10.14.2.0 - (1828579): instance b13dc38b-0172-c119-38e3-00000ec732b8 
on database directory memory:C:\Users\MadhusudhanPickli\Desktop\SpringBootDemo\Employee_CRUD_JPA\cf642530-e15a-4c9a-823e-294bbe4165f2 with class loader sun.misc.Launcher$AppClassLoader@764c12b6 
Loaded from file:/C:/Users/MadhusudhanPickli/.m2/repository/org/apache/derby/derby/10.14.2.0/derby-10.14.2.0.jar
java.vendor=Oracle Corporation
java.runtime.version=1.8.0_241-b07
user.dir=C:\Users\MadhusudhanPickli\Desktop\SpringBootDemo\Employee_CRUD_JPA
os.name=Windows 10
os.arch=amd64
os.version=10.0
derby.system.home=null
Database Class Loader started - derby.database.classpath=''
----------------------------------------------------------------
Wed Jun 17 13:12:17 IST 2020:
Shutting down instance b13dc38b-0172-c119-38e3-00000ec732b8 on database directory memory:C:\Users\MadhusudhanPickli\Desktop\SpringBootDemo\Employee_CRUD_JPA\cf642530-e15a-4c9a-823e-294bbe4165f2 with class loader sun.misc.Launcher$AppClassLoader@764c12b6 
----------------------------------------------------------------
Wed Jun 17 13:12:57 IST 2020:
Booting Derby version The Apache Software Foundation - Apache Derby - 10.14.2.0 - (1828579): instance 3a0f0439-0172-c119-38e3-00000ec732b8 
on database directory memory:C:\Users\MadhusudhanPickli\Desktop\SpringBootDemo\Employee_CRUD_JPA\c1ded48e-aedf-4829-8f05-7e1e9bc92eae with class loader sun.misc.Launcher$AppClassLoader@764c12b6 
Loaded from file:/C:/Users/MadhusudhanPickli/.m2/repository/org/apache/derby/derby/10.14.2.0/derby-10.14.2.0.jar
java.vendor=Oracle Corporation
java.runtime.version=1.8.0_241-b07
user.dir=C:\Users\MadhusudhanPickli\Desktop\SpringBootDemo\Employee_CRUD_JPA
os.name=Windows 10
os.arch=amd64
os.version=10.0
derby.system.home=null
Database Class Loader started - derby.database.classpath=''
----------------------------------------------------------------
Wed Jun 17 13:13:04 IST 2020:
Shutting down instance 3a0f0439-0172-c119-38e3-00000ec732b8 on database directory memory:C:\Users\MadhusudhanPickli\Desktop\SpringBootDemo\Employee_CRUD_JPA\c1ded48e-aedf-4829-8f05-7e1e9bc92eae with class loader sun.misc.Launcher$AppClassLoader@764c12b6 
----------------------------------------------------------------
Wed Jun 17 13:13:05 IST 2020:
Booting Derby version The Apache Software Foundation - Apache Derby - 10.14.2.0 - (1828579): instance e07144e7-0172-c119-38e3-00000ec732b8 
on database directory memory:C:\Users\MadhusudhanPickli\Desktop\SpringBootDemo\Employee_CRUD_JPA\7dd23d56-6d97-43de-b534-4bdfab76bf45 with class loader sun.misc.Launcher$AppClassLoader@764c12b6 
Loaded from file:/C:/Users/MadhusudhanPickli/.m2/repository/org/apache/derby/derby/10.14.2.0/derby-10.14.2.0.jar
java.vendor=Oracle Corporation
java.runtime.version=1.8.0_241-b07
user.dir=C:\Users\MadhusudhanPickli\Desktop\SpringBootDemo\Employee_CRUD_JPA
os.name=Windows 10
os.arch=amd64
os.version=10.0
derby.system.home=null
Database Class Loader started - derby.database.classpath=''
----------------------------------------------------------------
Wed Jun 17 13:14:18 IST 2020:
Shutting down instance e07144e7-0172-c119-38e3-00000ec732b8 on database directory memory:C:\Users\MadhusudhanPickli\Desktop\SpringBootDemo\Employee_CRUD_JPA\7dd23d56-6d97-43de-b534-4bdfab76bf45 with class loader sun.misc.Launcher$AppClassLoader@764c12b6 
----------------------------------------------------------------
Wed Jun 17 13:14:19 IST 2020:
Booting Derby version The Apache Software Foundation - Apache Derby - 10.14.2.0 - (1828579): instance 24648595-0172-c119-38e3-00000ec732b8 
on database directory memory:C:\Users\MadhusudhanPickli\Desktop\SpringBootDemo\Employee_CRUD_JPA\8f65d703-527a-4e2f-a67a-5572dd8327bf with class loader sun.misc.Launcher$AppClassLoader@764c12b6 
Loaded from file:/C:/Users/MadhusudhanPickli/.m2/repository/org/apache/derby/derby/10.14.2.0/derby-10.14.2.0.jar
java.vendor=Oracle Corporation
java.runtime.version=1.8.0_241-b07
user.dir=C:\Users\MadhusudhanPickli\Desktop\SpringBootDemo\Employee_CRUD_JPA
os.name=Windows 10
os.arch=amd64
os.version=10.0
derby.system.home=null
Database Class Loader started - derby.database.classpath=''
----------------------------------------------------------------
Wed Jun 17 13:14:42 IST 2020:
Shutting down instance 24648595-0172-c119-38e3-00000ec732b8 on database directory memory:C:\Users\MadhusudhanPickli\Desktop\SpringBootDemo\Employee_CRUD_JPA\8f65d703-527a-4e2f-a67a-5572dd8327bf with class loader sun.misc.Launcher$AppClassLoader@764c12b6 
----------------------------------------------------------------
Wed Jun 17 13:14:43 IST 2020:
Booting Derby version The Apache Software Foundation - Apache Derby - 10.14.2.0 - (1828579): instance 85e8c643-0172-c119-38e3-00000ec732b8 
on database directory memory:C:\Users\MadhusudhanPickli\Desktop\SpringBootDemo\Employee_CRUD_JPA\aa51250f-6232-4bab-99f5-de02219ed6c6 with class loader sun.misc.Launcher$AppClassLoader@764c12b6 
Loaded from file:/C:/Users/MadhusudhanPickli/.m2/repository/org/apache/derby/derby/10.14.2.0/derby-10.14.2.0.jar
java.vendor=Oracle Corporation
java.runtime.version=1.8.0_241-b07
user.dir=C:\Users\MadhusudhanPickli\Desktop\SpringBootDemo\Employee_CRUD_JPA
os.name=Windows 10
os.arch=amd64
os.version=10.0
derby.system.home=null
Database Class Loader started - derby.database.classpath=''
----------------------------------------------------------------
Wed Jun 17 13:15:02 IST 2020:
Shutting down instance 85e8c643-0172-c119-38e3-00000ec732b8 on database directory memory:C:\Users\MadhusudhanPickli\Desktop\SpringBootDemo\Employee_CRUD_JPA\aa51250f-6232-4bab-99f5-de02219ed6c6 with class loader sun.misc.Launcher$AppClassLoader@764c12b6 
----------------------------------------------------------------
Wed Jun 17 13:15:03 IST 2020:
Booting Derby version The Apache Software Foundation - Apache Derby - 10.14.2.0 - (1828579): instance 84fe06f1-0172-c119-38e3-00000ec732b8 
on database directory memory:C:\Users\MadhusudhanPickli\Desktop\SpringBootDemo\Employee_CRUD_JPA\cf0f7f46-97c6-4219-959a-1cb068b2fd78 with class loader sun.misc.Launcher$AppClassLoader@764c12b6 
Loaded from file:/C:/Users/MadhusudhanPickli/.m2/repository/org/apache/derby/derby/10.14.2.0/derby-10.14.2.0.jar
java.vendor=Oracle Corporation
java.runtime.version=1.8.0_241-b07
user.dir=C:\Users\MadhusudhanPickli\Desktop\SpringBootDemo\Employee_CRUD_JPA
os.name=Windows 10
os.arch=amd64
os.version=10.0
derby.system.home=null
Database Class Loader started - derby.database.classpath=''
----------------------------------------------------------------
Wed Jun 17 13:15:57 IST 2020:
Shutting down instance 84fe06f1-0172-c119-38e3-00000ec732b8 on database directory memory:C:\Users\MadhusudhanPickli\Desktop\SpringBootDemo\Employee_CRUD_JPA\cf0f7f46-97c6-4219-959a-1cb068b2fd78 with class loader sun.misc.Launcher$AppClassLoader@764c12b6 
----------------------------------------------------------------
Wed Jun 17 13:15:58 IST 2020:
Booting Derby version The Apache Software Foundation - Apache Derby - 10.14.2.0 - (1828579): instance a1a4479f-0172-c119-38e3-00000ec732b8 
on database directory memory:C:\Users\MadhusudhanPickli\Desktop\SpringBootDemo\Employee_CRUD_JPA\38a1e7a3-f0ef-4e0a-9ba6-a292f26af422 with class loader sun.misc.Launcher$AppClassLoader@764c12b6 
Loaded from file:/C:/Users/MadhusudhanPickli/.m2/repository/org/apache/derby/derby/10.14.2.0/derby-10.14.2.0.jar
java.vendor=Oracle Corporation
java.runtime.version=1.8.0_241-b07
user.dir=C:\Users\MadhusudhanPickli\Desktop\SpringBootDemo\Employee_CRUD_JPA
os.name=Windows 10
os.arch=amd64
os.version=10.0
derby.system.home=null
Database Class Loader started - derby.database.classpath=''
----------------------------------------------------------------
Wed Jun 17 13:17:08 IST 2020:
Shutting down instance a1a4479f-0172-c119-38e3-00000ec732b8 on database directory memory:C:\Users\MadhusudhanPickli\Desktop\SpringBootDemo\Employee_CRUD_JPA\38a1e7a3-f0ef-4e0a-9ba6-a292f26af422 with class loader sun.misc.Launcher$AppClassLoader@764c12b6 
----------------------------------------------------------------
Wed Jun 17 13:17:09 IST 2020:
Booting Derby version The Apache Software Foundation - Apache Derby - 10.14.2.0 - (1828579): instance 0002484f-0172-c119-38e3-00000ec732b8 
on database directory memory:C:\Users\MadhusudhanPickli\Desktop\SpringBootDemo\Employee_CRUD_JPA\1bef9628-1088-4a8b-98e5-9cd79de46bfb with class loader sun.misc.Launcher$AppClassLoader@764c12b6 
Loaded from file:/C:/Users/MadhusudhanPickli/.m2/repository/org/apache/derby/derby/10.14.2.0/derby-10.14.2.0.jar
java.vendor=Oracle Corporation
java.runtime.version=1.8.0_241-b07
user.dir=C:\Users\MadhusudhanPickli\Desktop\SpringBootDemo\Employee_CRUD_JPA
os.name=Windows 10
os.arch=amd64
os.version=10.0
derby.system.home=null
Database Class Loader started - derby.database.classpath=''
----------------------------------------------------------------
Wed Jun 17 13:21:59 IST 2020:
Shutting down instance 0002484f-0172-c119-38e3-00000ec732b8 on database directory memory:C:\Users\MadhusudhanPickli\Desktop\SpringBootDemo\Employee_CRUD_JPA\1bef9628-1088-4a8b-98e5-9cd79de46bfb with class loader sun.misc.Launcher$AppClassLoader@764c12b6 
----------------------------------------------------------------
Wed Jun 17 13:22:19 IST 2020:
Booting Derby version The Apache Software Foundation - Apache Derby - 10.14.2.0 - (1828579): instance 7ca048ff-0172-c119-38e3-00000ec732b8 
on database directory memory:C:\Users\MadhusudhanPickli\Desktop\SpringBootDemo\Employee_CRUD_JPA\7802b3b1-59d7-471d-ba55-138327647990 with class loader sun.misc.Launcher$AppClassLoader@764c12b6 
Loaded from file:/C:/Users/MadhusudhanPickli/.m2/repository/org/apache/derby/derby/10.14.2.0/derby-10.14.2.0.jar
java.vendor=Oracle Corporation
java.runtime.version=1.8.0_241-b07
user.dir=C:\Users\MadhusudhanPickli\Desktop\SpringBootDemo\Employee_CRUD_JPA
os.name=Windows 10
os.arch=amd64
os.version=10.0
derby.system.home=null
Database Class Loader started - derby.database.classpath=''
----------------------------------------------------------------
Wed Jun 17 13:25:08 IST 2020:
Shutting down instance 7ca048ff-0172-c119-38e3-00000ec732b8 on database directory memory:C:\Users\MadhusudhanPickli\Desktop\SpringBootDemo\Employee_CRUD_JPA\7802b3b1-59d7-471d-ba55-138327647990 with class loader sun.misc.Launcher$AppClassLoader@764c12b6 
----------------------------------------------------------------
Wed Jun 17 13:25:09 IST 2020:
Booting Derby version The Apache Software Foundation - Apache Derby - 10.14.2.0 - (1828579): instance 72a789ad-0172-c119-38e3-00000ec732b8 
on database directory memory:C:\Users\MadhusudhanPickli\Desktop\SpringBootDemo\Employee_CRUD_JPA\768e4dd1-a82f-409d-9171-55d9712c75db with class loader sun.misc.Launcher$AppClassLoader@764c12b6 
Loaded from file:/C:/Users/MadhusudhanPickli/.m2/repository/org/apache/derby/derby/10.14.2.0/derby-10.14.2.0.jar
java.vendor=Oracle Corporation
java.runtime.version=1.8.0_241-b07
user.dir=C:\Users\MadhusudhanPickli\Desktop\SpringBootDemo\Employee_CRUD_JPA
os.name=Windows 10
os.arch=amd64
os.version=10.0
derby.system.home=null
Database Class Loader started - derby.database.classpath=''
----------------------------------------------------------------
Wed Jun 17 13:28:13 IST 2020:
Shutting down instance 72a789ad-0172-c119-38e3-00000ec732b8 on database directory memory:C:\Users\MadhusudhanPickli\Desktop\SpringBootDemo\Employee_CRUD_JPA\768e4dd1-a82f-409d-9171-55d9712c75db with class loader sun.misc.Launcher$AppClassLoader@764c12b6 
----------------------------------------------------------------
Wed Jun 17 13:28:14 IST 2020:
Booting Derby version The Apache Software Foundation - Apache Derby - 10.14.2.0 - (1828579): instance 2b6d8a5d-0172-c119-38e3-00000ec732b8 
on database directory memory:C:\Users\MadhusudhanPickli\Desktop\SpringBootDemo\Employee_CRUD_JPA\216d128f-503a-49b6-87ba-4e3ee4f87256 with class loader sun.misc.Launcher$AppClassLoader@764c12b6 
Loaded from file:/C:/Users/MadhusudhanPickli/.m2/repository/org/apache/derby/derby/10.14.2.0/derby-10.14.2.0.jar
java.vendor=Oracle Corporation
java.runtime.version=1.8.0_241-b07
user.dir=C:\Users\MadhusudhanPickli\Desktop\SpringBootDemo\Employee_CRUD_JPA
os.name=Windows 10
os.arch=amd64
os.version=10.0
derby.system.home=null
Database Class Loader started - derby.database.classpath=''
----------------------------------------------------------------
Wed Jun 17 13:28:15 IST 2020:
Shutting down instance 2b6d8a5d-0172-c119-38e3-00000ec732b8 on database directory memory:C:\Users\MadhusudhanPickli\Desktop\SpringBootDemo\Employee_CRUD_JPA\216d128f-503a-49b6-87ba-4e3ee4f87256 with class loader sun.misc.Launcher$AppClassLoader@764c12b6 
----------------------------------------------------------------
Wed Jun 17 13:28:47 IST 2020:
Booting Derby version The Apache Software Foundation - Apache Derby - 10.14.2.0 - (1828579): instance 5cedcb0b-0172-c119-38e3-00000ec732b8 
on database directory memory:C:\Users\MadhusudhanPickli\Desktop\SpringBootDemo\Employee_CRUD_JPA\f83b419b-4500-4331-9fc6-1340655bb234 with class loader sun.misc.Launcher$AppClassLoader@764c12b6 
Loaded from file:/C:/Users/MadhusudhanPickli/.m2/repository/org/apache/derby/derby/10.14.2.0/derby-10.14.2.0.jar
java.vendor=Oracle Corporation
java.runtime.version=1.8.0_241-b07
user.dir=C:\Users\MadhusudhanPickli\Desktop\SpringBootDemo\Employee_CRUD_JPA
os.name=Windows 10
os.arch=amd64
os.version=10.0
derby.system.home=null
Database Class Loader started - derby.database.classpath=''
----------------------------------------------------------------
Wed Jun 17 13:28:48 IST 2020:
Shutting down instance 5cedcb0b-0172-c119-38e3-00000ec732b8 on database directory memory:C:\Users\MadhusudhanPickli\Desktop\SpringBootDemo\Employee_CRUD_JPA\f83b419b-4500-4331-9fc6-1340655bb234 with class loader sun.misc.Launcher$AppClassLoader@764c12b6 
